[0.008s] Invoking command in '/home/UMRobotics/group12_ws/build/group_12_motion_planning': CMAKE_PREFIX_PATH=${CMAKE_PREFIX_PATH}:/home/UMRobotics/moveit_ws/install/moveit_configs_utils:/opt/ros/jazzy DEBUGINFOD_URLS=https://debuginfod.ubuntu.com /usr/bin/cmake /home/UMRobotics/group12_ws/src/group_12_motion_planning -DCMAKE_INSTALL_PREFIX=/home/UMRobotics/group12_ws/install/group_12_motion_planning
[0.044s] -- The C compiler identification is GNU 13.3.0
[0.078s] -- The CXX compiler identification is GNU 13.3.0
[0.088s] -- Detecting C compiler ABI info
[0.146s] -- Detecting C compiler ABI info - done
[0.152s] -- Check for working C compiler: /usr/bin/cc - skipped
[0.152s] -- Detecting C compile features
[0.152s] -- Detecting C compile features - done
[0.158s] -- Detecting CXX compiler ABI info
[0.224s] -- Detecting CXX compiler ABI info - done
[0.230s] -- Check for working CXX compiler: /usr/bin/c++ - skipped
[0.230s] -- Detecting CXX compile features
[0.230s] -- Detecting CXX compile features - done
[0.234s] -- Found ament_cmake: 2.5.4 (/opt/ros/jazzy/share/ament_cmake/cmake)
[0.351s] -- Found Python3: /home/UMRobotics/.local/bin/python3 (found version "3.12.3") found components: Interpreter 
[0.445s] -- Found moveit_ros_planning_interface: 2.12.3 (/opt/ros/jazzy/share/moveit_ros_planning_interface/cmake)
[0.547s] -- Found Boost: /usr/lib/x86_64-linux-gnu/cmake/Boost-1.83.0/BoostConfig.cmake (found version "1.83.0") found components: date_time filesystem program_options system thread 
[0.600s] -- Found rosidl_generator_c: 4.6.5 (/opt/ros/jazzy/share/rosidl_generator_c/cmake)
[0.615s] -- Found rosidl_generator_cpp: 4.6.5 (/opt/ros/jazzy/share/rosidl_generator_cpp/cmake)
[0.633s] -- Using all available rosidl_typesupport_c: rosidl_typesupport_fastrtps_c;rosidl_typesupport_introspection_c
[0.650s] -- Using all available rosidl_typesupport_cpp: rosidl_typesupport_fastrtps_cpp;rosidl_typesupport_introspection_cpp
[0.876s] -- Found Boost: /usr/lib/x86_64-linux-gnu/cmake/Boost-1.83.0/BoostConfig.cmake (found version "1.83.0") found components: chrono date_time filesystem iostreams program_options regex serialization system thread 
[0.940s] -- Found parameter_traits: 0.4.0 (/opt/ros/jazzy/share/parameter_traits/cmake)
[0.986s] -- Found rmw_implementation_cmake: 7.3.2 (/opt/ros/jazzy/share/rmw_implementation_cmake/cmake)
[0.990s] -- Found rmw_fastrtps_cpp: 8.4.2 (/opt/ros/jazzy/share/rmw_fastrtps_cpp/cmake)
[1.058s] -- Found OpenSSL: /usr/lib/x86_64-linux-gnu/libcrypto.so (found version "3.0.13")  
[1.071s] -- Found FastRTPS: /opt/ros/jazzy/include (Required is at least version "2.13") 
[1.088s] -- Using RMW implementation 'rmw_fastrtps_cpp' as default
[1.161s] -- Found rclcpp_lifecycle: 28.1.9 (/opt/ros/jazzy/share/rclcpp_lifecycle/cmake)
[1.191s] -- Found Boost: /usr/lib/x86_64-linux-gnu/cmake/Boost-1.83.0/BoostConfig.cmake (found version "1.83.0") found components: filesystem 
[1.248s] -- Found Eigen3: TRUE (found version "3.4.0") 
[1.248s] -- Ensuring Eigen3 include directory is part of orocos-kdl CMake target
[1.390s] -- Found Boost: /usr/lib/x86_64-linux-gnu/cmake/Boost-1.83.0/BoostConfig.cmake (found version "1.83.0") found components: system filesystem date_time program_options thread chrono 
[1.429s] -- Found Boost: /usr/lib/x86_64-linux-gnu/cmake/Boost-1.83.0/BoostConfig.cmake (found version "1.83.0") found components: thread system filesystem regex date_time program_options 
[1.452s] -- Found Boost: /usr/lib/x86_64-linux-gnu/cmake/Boost-1.83.0/BoostConfig.cmake (found version "1.83.0") found components: system filesystem date_time program_options thread 
[1.480s] -- moveit_ros_planning_interface_INCLUDE_DIRS: /opt/ros/jazzy/include/geometry_msgs;/home/UMRobotics/moveit_ws/install/moveit_msgs/include/moveit_msgs;/usr/include/bullet;/home/UMRobotics/moveit_ws/install/moveit_core/include;/home/UMRobotics/moveit_ws/install/moveit_core/include/moveit_core;$<TARGET_PROPERTY:moveit_core::moveit_planning_scene,INCLUDE_DIRECTORIES>;/usr/include;/usr/include/eigen3;/opt/ros/jazzy/include;/opt/ros/jazzy/include/moveit_ros_planning;/opt/ros/jazzy/include/moveit_ros_warehouse;/opt/ros/jazzy/include/moveit_ros_move_group;/opt/ros/jazzy/include/tf2;/opt/ros/jazzy/include/tf2_eigen;/opt/ros/jazzy/include/tf2_geometry_msgs;/opt/ros/jazzy/include/tf2_ros;/opt/ros/jazzy/include/rclcpp;/opt/ros/jazzy/include/rclcpp_action
[1.480s] -- moveit_core_INCLUDE_DIRS: /opt/ros/jazzy/include/angles;/opt/ros/jazzy/include/eigen_stl_containers;/opt/ros/jazzy/include/geometric_shapes;/opt/ros/jazzy/include;/usr/include/eigen3;/usr/include;/opt/ros/jazzy/include/geometry_msgs;/opt/ros/jazzy/include/kdl_parser;/home/UMRobotics/moveit_ws/install/moveit_msgs/include/moveit_msgs;/opt/ros/jazzy/include/octomap_msgs;/opt/ros/jazzy/include/pluginlib;/opt/ros/jazzy/include/rclcpp;/opt/ros/jazzy/include/rsl;/opt/ros/jazzy/include/sensor_msgs;/opt/ros/jazzy/include/shape_msgs;/opt/ros/jazzy/include/srdfdom;/opt/ros/jazzy/include/std_msgs;/opt/ros/jazzy/include/tf2_eigen;/opt/ros/jazzy/include/tf2_geometry_msgs;/opt/ros/jazzy/include/tf2_kdl;/opt/ros/jazzy/include/trajectory_msgs;/opt/ros/jazzy/include/urdf;/opt/ros/jazzy/include/urdfdom;/opt/ros/jazzy/include/urdfdom_headers;/opt/ros/jazzy/include/visualization_msgs
[1.484s] -- Found ament_lint_auto: 0.17.2 (/opt/ros/jazzy/share/ament_lint_auto/cmake)
[1.566s] -- Added test 'cppcheck' to perform static code analysis on C / C++ code
[1.567s] -- Configured cppcheck include dirs: 
[1.567s] -- Configured cppcheck exclude dirs and/or files: 
[1.568s] -- Added test 'lint_cmake' to check CMake code style
[1.569s] -- Added test 'uncrustify' to check C / C++ code style
[1.569s] -- Configured uncrustify additional arguments: 
[1.570s] -- Added test 'xmllint' to check XML markup files
[1.571s] -- Configuring done (1.6s)
[1.637s] -- Generating done (0.0s)
[1.643s] -- Build files have been written to: /home/UMRobotics/group12_ws/build/group_12_motion_planning
[1.653s] Invoked command in '/home/UMRobotics/group12_ws/build/group_12_motion_planning' returned '0': CMAKE_PREFIX_PATH=${CMAKE_PREFIX_PATH}:/home/UMRobotics/moveit_ws/install/moveit_configs_utils:/opt/ros/jazzy DEBUGINFOD_URLS=https://debuginfod.ubuntu.com /usr/bin/cmake /home/UMRobotics/group12_ws/src/group_12_motion_planning -DCMAKE_INSTALL_PREFIX=/home/UMRobotics/group12_ws/install/group_12_motion_planning
[1.654s] Invoking command in '/home/UMRobotics/group12_ws/build/group_12_motion_planning': CMAKE_PREFIX_PATH=${CMAKE_PREFIX_PATH}:/home/UMRobotics/moveit_ws/install/moveit_configs_utils:/opt/ros/jazzy DEBUGINFOD_URLS=https://debuginfod.ubuntu.com /usr/bin/cmake --build /home/UMRobotics/group12_ws/build/group_12_motion_planning -- -j16 -l16
[1.697s] [ 50%] [32mBuilding CXX object CMakeFiles/ur5e_moveit_controller.dir/src/ur5e_moveit_controller.cpp.o[0m
[1.904s] In file included from [01m[K/home/UMRobotics/group12_ws/src/group_12_motion_planning/src/ur5e_moveit_controller.cpp:4[m[K:
[1.904s] [01m[K/opt/ros/jazzy/include/moveit_ros_planning_interface/moveit/move_group_interface/move_group_interface.h:52:10:[m[K [01;31m[Kfatal error: [m[Kmoveit/move_group_interface/move_group_interface.hpp: No such file or directory
[1.904s]    52 | #include [01;31m[K<moveit/move_group_interface/move_group_interface.hpp>[m[K
[1.904s]       |          [01;31m[K^~~~~~~~~~~~~~~~~~~~~~~~~~~~~~~~~~~~~~~~~~~~~~~~~~~~~~[m[K
[1.904s] compilation terminated.
[1.913s] gmake[2]: *** [CMakeFiles/ur5e_moveit_controller.dir/build.make:76: CMakeFiles/ur5e_moveit_controller.dir/src/ur5e_moveit_controller.cpp.o] Error 1
[1.913s] gmake[1]: *** [CMakeFiles/Makefile2:137: CMakeFiles/ur5e_moveit_controller.dir/all] Error 2
[1.913s] gmake: *** [Makefile:146: all] Error 2
[1.915s] Invoked command in '/home/UMRobotics/group12_ws/build/group_12_motion_planning' returned '2': CMAKE_PREFIX_PATH=${CMAKE_PREFIX_PATH}:/home/UMRobotics/moveit_ws/install/moveit_configs_utils:/opt/ros/jazzy DEBUGINFOD_URLS=https://debuginfod.ubuntu.com /usr/bin/cmake --build /home/UMRobotics/group12_ws/build/group_12_motion_planning -- -j16 -l16
